<?xml version="1.0" encoding="UTF-8"?>
<!-- Generated by org.testng.reporters.JUnitReportReporter -->
<testsuite skipped="0" hostname="DESKTOP-FE6BG1T" name="hcl.HCLnTest" tests="1" failures="0" timestamp="05 May 2019 12:50:15 GMT" time="177.433" errors="0">
  <testcase name="updateTarmac" time="177.433" classname="hcl.HCLnTest"/>
</testsuite> <!-- hcl.HCLnTest -->
